
> crypto-dashboard@1.0.0 dev
> next dev

  ▲ Next.js 14.2.35
  - Local:        http://localhost:3000
  - Environments: .env.local

 ✓ Starting...
 ✓ Ready in 930ms
 ○ Compiling / ...
 ✓ Compiled / in 2s (1003 modules)
TypeError: _utils_dailyRecommendations__WEBPACK_IMPORTED_MODULE_2___default(...) is not a function
    at eval (webpack-internal:///./pages/index.js:62:169)
    at useReducer (/Users/admin/Desktop/dev/nextjs-crypto-dashboard/node_modules/react-dom/cjs/react-dom-server.browser.development.js:5079:57)
    at Object.useState (/Users/admin/Desktop/dev/nextjs-crypto-dashboard/node_modules/react-dom/cjs/react-dom-server.browser.development.js:5017:10)
    at useState (/Users/admin/Desktop/dev/nextjs-crypto-dashboard/node_modules/react/cjs/react.development.js:1622:21)
    at Dashboard (webpack-internal:///./pages/index.js:62:98)
    at renderWithHooks (/Users/admin/Desktop/dev/nextjs-crypto-dashboard/node_modules/react-dom/cjs/react-dom-server.browser.development.js:5658:16)
    at renderIndeterminateComponent (/Users/admin/Desktop/dev/nextjs-crypto-dashboard/node_modules/react-dom/cjs/react-dom-server.browser.development.js:5732:15)
    at renderElement (/Users/admin/Desktop/dev/nextjs-crypto-dashboard/node_modules/react-dom/cjs/react-dom-server.browser.development.js:5957:7)
    at renderNodeDestructiveImpl (/Users/admin/Desktop/dev/nextjs-crypto-dashboard/node_modules/react-dom/cjs/react-dom-server.browser.development.js:6115:11)
    at renderNodeDestructive (/Users/admin/Desktop/dev/nextjs-crypto-dashboard/node_modules/react-dom/cjs/react-dom-server.browser.development.js:6087:14)
    at renderNode (/Users/admin/Desktop/dev/nextjs-crypto-dashboard/node_modules/react-dom/cjs/react-dom-server.browser.development.js:6270:12)
    at renderHostElement (/Users/admin/Desktop/dev/nextjs-crypto-dashboard/node_modules/react-dom/cjs/react-dom-server.browser.development.js:5642:3)
    at renderElement (/Users/admin/Desktop/dev/nextjs-crypto-dashboard/node_modules/react-dom/cjs/react-dom-server.browser.development.js:5963:5)
    at renderNodeDestructiveImpl (/Users/admin/Desktop/dev/nextjs-crypto-dashboard/node_modules/react-dom/cjs/react-dom-server.browser.development.js:6115:11)
    at renderNodeDestructive (/Users/admin/Desktop/dev/nextjs-crypto-dashboard/node_modules/react-dom/cjs/react-dom-server.browser.development.js:6087:14)
 ⨯ pages/index.js (41:87) @ getTodayRecommendations
 ⨯ TypeError: _utils_dailyRecommendations__WEBPACK_IMPORTED_MODULE_2___default(...) is not a function
    at eval (webpack-internal:///./pages/index.js:62:169)
    at useReducer (/Users/admin/Desktop/dev/nextjs-crypto-dashboard/node_modules/react-dom/cjs/react-dom-server.browser.development.js:5079:57)
    at Object.useState (/Users/admin/Desktop/dev/nextjs-crypto-dashboard/node_modules/react-dom/cjs/react-dom-server.browser.development.js:5017:10)
    at useState (/Users/admin/Desktop/dev/nextjs-crypto-dashboard/node_modules/react/cjs/react.development.js:1622:21)
    at Dashboard (webpack-internal:///./pages/index.js:62:98)
    at renderWithHooks (/Users/admin/Desktop/dev/nextjs-crypto-dashboard/node_modules/react-dom/cjs/react-dom-server.browser.development.js:5658:16)
    at renderIndeterminateComponent (/Users/admin/Desktop/dev/nextjs-crypto-dashboard/node_modules/react-dom/cjs/react-dom-server.browser.development.js:5732:15)
    at renderElement (/Users/admin/Desktop/dev/nextjs-crypto-dashboard/node_modules/react-dom/cjs/react-dom-server.browser.development.js:5957:7)
    at renderNodeDestructiveImpl (/Users/admin/Desktop/dev/nextjs-crypto-dashboard/node_modules/react-dom/cjs/react-dom-server.browser.development.js:6115:11)
    at renderNodeDestructive (/Users/admin/Desktop/dev/nextjs-crypto-dashboard/node_modules/react-dom/cjs/react-dom-server.browser.development.js:6087:14)
    at renderNode (/Users/admin/Desktop/dev/nextjs-crypto-dashboard/node_modules/react-dom/cjs/react-dom-server.browser.development.js:6270:12)
    at renderHostElement (/Users/admin/Desktop/dev/nextjs-crypto-dashboard/node_modules/react-dom/cjs/react-dom-server.browser.development.js:5642:3)
    at renderElement (/Users/admin/Desktop/dev/nextjs-crypto-dashboard/node_modules/react-dom/cjs/react-dom-server.browser.development.js:5963:5)
    at renderNodeDestructiveImpl (/Users/admin/Desktop/dev/nextjs-crypto-dashboard/node_modules/react-dom/cjs/react-dom-server.browser.development.js:6115:11)
    at renderNodeDestructive (/Users/admin/Desktop/dev/nextjs-crypto-dashboard/node_modules/react-dom/cjs/react-dom-server.browser.development.js:6087:14) {
  page: '/'
}
[0m [90m 39 |[39m   [36mconst[39m [sortBy[33m,[39m setSortBy] [33m=[39m useState([32m'volume'[39m)[33m;[39m [90m// volume, price, name, change[39m[0m
[0m [90m 40 |[39m   [36mconst[39m [sortOrder[33m,[39m setSortOrder] [33m=[39m useState([32m'desc'[39m)[33m;[39m [90m// desc, asc[39m[0m
[0m[31m[1m>[22m[39m[90m 41 |[39m   [36mconst[39m [recommendations[33m,[39m setRecommendations] [33m=[39m useState(() [33m=>[39m getTodayRecommendations())[33m;[39m[0m
[0m [90m    |[39m                                                                                       [31m[1m^[22m[39m[0m
[0m [90m 42 |[39m[0m
[0m [90m 43 |[39m   [36mconst[39m showToast [33m=[39m (message) [33m=>[39m {[0m
[0m [90m 44 |[39m     setToast(message)[33m;[39m[0m
 ✓ Compiled /_error in 66ms (1005 modules)
 HEAD / 500 in 2328ms
 ✓ Compiled in 125ms (1005 modules)
 ✓ Compiled in 66ms (1005 modules)
 GET / 200 in 104ms
 GET / 200 in 17ms
 ✓ Compiled /api/all-markets in 101ms (255 modules)
 ✓ Compiled (257 modules)
📊 Dashboard API: Starting...
🔍 all-markets API: Starting...
✅ Total markets: 695
✅ KRW markets: 239
📦 Fetching 3 chunks...
  [Chunk 1/3] Requesting 100 markets...
✅ Markets fetched: 695 total
✅ KRW markets: 239
📦 Fetching 3 batches of tickers...
  [Chunk 1] Response: 200
  [Chunk 1] Got 100 tickers
  ⏳ Waiting 500ms before next chunk...
✅ Tickers fetched: 239
✅ Formatted: 239 coins
📊 CoinGecko 데이터를 백그라운드에서 수집 중...
✅ Dashboard data ready
 GET /api/dashboard 200 in 722ms
  [Chunk 2/3] Requesting 100 markets...
 GET /api/dashboard 304 in 4ms
  [Chunk 2] Response: 200
  [Chunk 2] Got 100 tickers
  ⏳ Waiting 500ms before next chunk...
 ✓ Compiled /api/coingecko in 33ms (259 modules)
 GET /api/coingecko?symbol=BTT 404 in 38ms
  [Chunk 3/3] Requesting 39 markets...
  [Chunk 3] Response: 200
  [Chunk 3] Got 39 tickers
✅ Total tickers: 239
✅ Formatted: 239 coins
 GET /api/all-markets 200 in 1272ms
🔍 all-markets API: Starting...
✅ Total markets: 695
✅ KRW markets: 239
📦 Fetching 3 chunks...
  [Chunk 1/3] Requesting 100 markets...
  [Chunk 1] Response: 200
  [Chunk 1] Got 100 tickers
  ⏳ Waiting 500ms before next chunk...
 GET /api/coingecko?symbol=PEPE 404 in 4ms
  [Chunk 2/3] Requesting 100 markets...
  [Chunk 2] Response: 200
  [Chunk 2] Got 100 tickers
  ⏳ Waiting 500ms before next chunk...
  [Chunk 3/3] Requesting 39 markets...
  [Chunk 3] Response: 200
  [Chunk 3] Got 39 tickers
✅ Total tickers: 239
✅ Formatted: 239 coins
 GET /api/all-markets 200 in 1115ms
🔍 all-markets API: Starting...
✅ Total markets: 695
✅ KRW markets: 239
📦 Fetching 3 chunks...
  [Chunk 1/3] Requesting 100 markets...
  [Chunk 1] Response: 200
  [Chunk 1] Got 100 tickers
  ⏳ Waiting 500ms before next chunk...
Fetching CoinGecko data for SHIB (shiba-inu)...
  [Chunk 2/3] Requesting 100 markets...
  [Chunk 2] Response: 200
  [Chunk 2] Got 100 tickers
  ⏳ Waiting 500ms before next chunk...
 GET /api/coingecko?symbol=SHIB 200 in 355ms
  [Chunk 3/3] Requesting 39 markets...
  [Chunk 3] Response: 200
  [Chunk 3] Got 39 tickers
✅ Total tickers: 239
✅ Formatted: 239 coins
 GET /api/all-markets 200 in 1104ms
🔍 all-markets API: Starting...
✅ Total markets: 695
✅ KRW markets: 239
📦 Fetching 3 chunks...
  [Chunk 1/3] Requesting 100 markets...
  [Chunk 1] Response: 200
  [Chunk 1] Got 100 tickers
  ⏳ Waiting 500ms before next chunk...
  [Chunk 2/3] Requesting 100 markets...
  [Chunk 2] Response: 200
  [Chunk 2] Got 100 tickers
  ⏳ Waiting 500ms before next chunk...
 GET /api/coingecko?symbol=BONK 404 in 2ms
  [Chunk 3/3] Requesting 39 markets...
  [Chunk 3] Response: 200
  [Chunk 3] Got 39 tickers
✅ Total tickers: 239
✅ Formatted: 239 coins
 GET /api/all-markets 200 in 1104ms
Fetching CoinGecko data for XEC (ecash)...
 GET /api/coingecko?symbol=XEC 200 in 288ms
📊 Dashboard API: Starting...
✅ Markets fetched: 695 total
✅ KRW markets: 239
📦 Fetching 3 batches of tickers...
✅ Tickers fetched: 239
✅ Formatted: 239 coins
📊 CoinGecko 데이터를 백그라운드에서 수집 중...
✅ Dashboard data ready
 GET /api/dashboard 200 in 506ms
 GET /api/coingecko?symbol=BTT 404 in 4ms
Fetching CoinGecko data for VTHO (vethor-token)...
 GET /api/coingecko?symbol=VTHO 200 in 289ms
 GET /api/coingecko?symbol=PEPE 404 in 2ms
 GET /api/coingecko?symbol=TOSHI 404 in 5ms
Fetching CoinGecko data for SHIB (shiba-inu)...
 GET /api/coingecko?symbol=SHIB 200 in 53ms
 GET /api/coingecko?symbol=POKT 404 in 2ms
 GET /api/coingecko?symbol=BONK 404 in 2ms
 GET /api/coingecko?symbol=BLAST 404 in 3ms
 GET /api/dashboard 304 in 3ms
Fetching CoinGecko data for XEC (ecash)...
 GET /api/coingecko?symbol=XEC 200 in 47ms
 GET /api/coingecko?symbol=PUMP 404 in 13ms
Fetching CoinGecko data for VTHO (vethor-token)...
CoinGecko API Error: Error: CoinGecko API error: 429
    at handler (webpack-internal:///(api)/./pages/api/coingecko.js:63:19)
    at process.processTicksAndRejections (node:internal/process/task_queues:105:5)
    at async K (/Users/admin/Desktop/dev/nextjs-crypto-dashboard/node_modules/next/dist/compiled/next-server/pages-api.runtime.dev.js:21:2871)
    at async U.render (/Users/admin/Desktop/dev/nextjs-crypto-dashboard/node_modules/next/dist/compiled/next-server/pages-api.runtime.dev.js:21:3955)
    at async DevServer.runApi (/Users/admin/Desktop/dev/nextjs-crypto-dashboard/node_modules/next/dist/server/next-server.js:603:9)
    at async NextNodeServer.handleCatchallRenderRequest (/Users/admin/Desktop/dev/nextjs-crypto-dashboard/node_modules/next/dist/server/next-server.js:269:37)
    at async DevServer.handleRequestImpl (/Users/admin/Desktop/dev/nextjs-crypto-dashboard/node_modules/next/dist/server/base-server.js:818:17)
    at async /Users/admin/Desktop/dev/nextjs-crypto-dashboard/node_modules/next/dist/server/dev/next-dev-server.js:339:20
    at async Span.traceAsyncFn (/Users/admin/Desktop/dev/nextjs-crypto-dashboard/node_modules/next/dist/trace/trace.js:154:20)
    at async DevServer.handleRequest (/Users/admin/Desktop/dev/nextjs-crypto-dashboard/node_modules/next/dist/server/dev/next-dev-server.js:336:24)
    at async invokeRender (/Users/admin/Desktop/dev/nextjs-crypto-dashboard/node_modules/next/dist/server/lib/router-server.js:179:21)
    at async handleRequest (/Users/admin/Desktop/dev/nextjs-crypto-dashboard/node_modules/next/dist/server/lib/router-server.js:359:24)
    at async requestHandlerImpl (/Users/admin/Desktop/dev/nextjs-crypto-dashboard/node_modules/next/dist/server/lib/router-server.js:383:13)
    at async Server.requestListener (/Users/admin/Desktop/dev/nextjs-crypto-dashboard/node_modules/next/dist/server/lib/start-server.js:141:13)
 GET /api/coingecko?symbol=VTHO 500 in 51ms
 GET /api/coingecko?symbol=ZIL 404 in 2ms
 GET /api/coingecko?symbol=TOSHI 404 in 1ms
 GET /api/coingecko?symbol=ZK 404 in 3ms
 GET /api/coingecko?symbol=POKT 404 in 3ms
 GET /api/coingecko?symbol=SENT 404 in 2ms
 GET /api/coingecko?symbol=BLAST 404 in 4ms
Fetching CoinGecko data for ORBS (orbs)...
CoinGecko API Error: Error: CoinGecko API error: 429
    at handler (webpack-internal:///(api)/./pages/api/coingecko.js:63:19)
    at process.processTicksAndRejections (node:internal/process/task_queues:105:5)
    at async K (/Users/admin/Desktop/dev/nextjs-crypto-dashboard/node_modules/next/dist/compiled/next-server/pages-api.runtime.dev.js:21:2871)
    at async U.render (/Users/admin/Desktop/dev/nextjs-crypto-dashboard/node_modules/next/dist/compiled/next-server/pages-api.runtime.dev.js:21:3955)
    at async DevServer.runApi (/Users/admin/Desktop/dev/nextjs-crypto-dashboard/node_modules/next/dist/server/next-server.js:603:9)
    at async NextNodeServer.handleCatchallRenderRequest (/Users/admin/Desktop/dev/nextjs-crypto-dashboard/node_modules/next/dist/server/next-server.js:269:37)
    at async DevServer.handleRequestImpl (/Users/admin/Desktop/dev/nextjs-crypto-dashboard/node_modules/next/dist/server/base-server.js:818:17)
    at async /Users/admin/Desktop/dev/nextjs-crypto-dashboard/node_modules/next/dist/server/dev/next-dev-server.js:339:20
    at async Span.traceAsyncFn (/Users/admin/Desktop/dev/nextjs-crypto-dashboard/node_modules/next/dist/trace/trace.js:154:20)
    at async DevServer.handleRequest (/Users/admin/Desktop/dev/nextjs-crypto-dashboard/node_modules/next/dist/server/dev/next-dev-server.js:336:24)
    at async invokeRender (/Users/admin/Desktop/dev/nextjs-crypto-dashboard/node_modules/next/dist/server/lib/router-server.js:179:21)
    at async handleRequest (/Users/admin/Desktop/dev/nextjs-crypto-dashboard/node_modules/next/dist/server/lib/router-server.js:359:24)
    at async requestHandlerImpl (/Users/admin/Desktop/dev/nextjs-crypto-dashboard/node_modules/next/dist/server/lib/router-server.js:383:13)
    at async Server.requestListener (/Users/admin/Desktop/dev/nextjs-crypto-dashboard/node_modules/next/dist/server/lib/start-server.js:141:13)
 GET /api/coingecko?symbol=ORBS 500 in 45ms
📊 Dashboard API: Starting...
✅ Markets fetched: 695 total
✅ KRW markets: 239
📦 Fetching 3 batches of tickers...
✅ Tickers fetched: 239
✅ Formatted: 239 coins
📊 CoinGecko 데이터를 백그라운드에서 수집 중...
✅ Dashboard data ready
 GET /api/dashboard 200 in 544ms
 GET /api/coingecko?symbol=BTT 404 in 4ms
 GET /api/coingecko?symbol=PUMP 404 in 3ms
 GET /api/coingecko?symbol=MEW 404 in 3ms
 GET /api/coingecko?symbol=PEPE 404 in 5ms
 GET /api/coingecko?symbol=ZIL 404 in 5ms
 GET /api/coingecko?symbol=BEAM 404 in 4ms
Fetching CoinGecko data for SHIB (shiba-inu)...
 GET /api/coingecko?symbol=ZK 404 in 7ms
CoinGecko API Error: Error: CoinGecko API error: 429
    at handler (webpack-internal:///(api)/./pages/api/coingecko.js:63:19)
    at process.processTicksAndRejections (node:internal/process/task_queues:105:5)
    at async K (/Users/admin/Desktop/dev/nextjs-crypto-dashboard/node_modules/next/dist/compiled/next-server/pages-api.runtime.dev.js:21:2871)
    at async U.render (/Users/admin/Desktop/dev/nextjs-crypto-dashboard/node_modules/next/dist/compiled/next-server/pages-api.runtime.dev.js:21:3955)
    at async DevServer.runApi (/Users/admin/Desktop/dev/nextjs-crypto-dashboard/node_modules/next/dist/server/next-server.js:603:9)
    at async NextNodeServer.handleCatchallRenderRequest (/Users/admin/Desktop/dev/nextjs-crypto-dashboard/node_modules/next/dist/server/next-server.js:269:37)
    at async DevServer.handleRequestImpl (/Users/admin/Desktop/dev/nextjs-crypto-dashboard/node_modules/next/dist/server/base-server.js:818:17)
    at async /Users/admin/Desktop/dev/nextjs-crypto-dashboard/node_modules/next/dist/server/dev/next-dev-server.js:339:20
    at async Span.traceAsyncFn (/Users/admin/Desktop/dev/nextjs-crypto-dashboard/node_modules/next/dist/trace/trace.js:154:20)
    at async DevServer.handleRequest (/Users/admin/Desktop/dev/nextjs-crypto-dashboard/node_modules/next/dist/server/dev/next-dev-server.js:336:24)
    at async invokeRender (/Users/admin/Desktop/dev/nextjs-crypto-dashboard/node_modules/next/dist/server/lib/router-server.js:179:21)
    at async handleRequest (/Users/admin/Desktop/dev/nextjs-crypto-dashboard/node_modules/next/dist/server/lib/router-server.js:359:24)
    at async requestHandlerImpl (/Users/admin/Desktop/dev/nextjs-crypto-dashboard/node_modules/next/dist/server/lib/router-server.js:383:13)
    at async Server.requestListener (/Users/admin/Desktop/dev/nextjs-crypto-dashboard/node_modules/next/dist/server/lib/start-server.js:141:13)
 GET /api/coingecko?symbol=SHIB 500 in 47ms
 GET /api/coingecko?symbol=PENGU 404 in 3ms
 GET /api/coingecko?symbol=SENT 404 in 4ms
 GET /api/coingecko?symbol=BONK 404 in 4ms
 GET /api/coingecko?symbol=NOM 404 in 4ms
Fetching CoinGecko data for ORBS (orbs)...
CoinGecko API Error: Error: CoinGecko API error: 429
    at handler (webpack-internal:///(api)/./pages/api/coingecko.js:63:19)
    at process.processTicksAndRejections (node:internal/process/task_queues:105:5)
    at async K (/Users/admin/Desktop/dev/nextjs-crypto-dashboard/node_modules/next/dist/compiled/next-server/pages-api.runtime.dev.js:21:2871)
    at async U.render (/Users/admin/Desktop/dev/nextjs-crypto-dashboard/node_modules/next/dist/compiled/next-server/pages-api.runtime.dev.js:21:3955)
    at async DevServer.runApi (/Users/admin/Desktop/dev/nextjs-crypto-dashboard/node_modules/next/dist/server/next-server.js:603:9)
    at async NextNodeServer.handleCatchallRenderRequest (/Users/admin/Desktop/dev/nextjs-crypto-dashboard/node_modules/next/dist/server/next-server.js:269:37)
    at async DevServer.handleRequestImpl (/Users/admin/Desktop/dev/nextjs-crypto-dashboard/node_modules/next/dist/server/base-server.js:818:17)
    at async /Users/admin/Desktop/dev/nextjs-crypto-dashboard/node_modules/next/dist/server/dev/next-dev-server.js:339:20
    at async Span.traceAsyncFn (/Users/admin/Desktop/dev/nextjs-crypto-dashboard/node_modules/next/dist/trace/trace.js:154:20)
    at async DevServer.handleRequest (/Users/admin/Desktop/dev/nextjs-crypto-dashboard/node_modules/next/dist/server/dev/next-dev-server.js:336:24)
    at async invokeRender (/Users/admin/Desktop/dev/nextjs-crypto-dashboard/node_modules/next/dist/server/lib/router-server.js:179:21)
    at async handleRequest (/Users/admin/Desktop/dev/nextjs-crypto-dashboard/node_modules/next/dist/server/lib/router-server.js:359:24)
    at async requestHandlerImpl (/Users/admin/Desktop/dev/nextjs-crypto-dashboard/node_modules/next/dist/server/lib/router-server.js:383:13)
    at async Server.requestListener (/Users/admin/Desktop/dev/nextjs-crypto-dashboard/node_modules/next/dist/server/lib/start-server.js:141:13)
 GET /api/coingecko?symbol=ORBS 500 in 45ms
Fetching CoinGecko data for XEC (ecash)...
CoinGecko API Error: Error: CoinGecko API error: 429
    at handler (webpack-internal:///(api)/./pages/api/coingecko.js:63:19)
    at process.processTicksAndRejections (node:internal/process/task_queues:105:5)
    at async K (/Users/admin/Desktop/dev/nextjs-crypto-dashboard/node_modules/next/dist/compiled/next-server/pages-api.runtime.dev.js:21:2871)
    at async U.render (/Users/admin/Desktop/dev/nextjs-crypto-dashboard/node_modules/next/dist/compiled/next-server/pages-api.runtime.dev.js:21:3955)
    at async DevServer.runApi (/Users/admin/Desktop/dev/nextjs-crypto-dashboard/node_modules/next/dist/server/next-server.js:603:9)
    at async NextNodeServer.handleCatchallRenderRequest (/Users/admin/Desktop/dev/nextjs-crypto-dashboard/node_modules/next/dist/server/next-server.js:269:37)
    at async DevServer.handleRequestImpl (/Users/admin/Desktop/dev/nextjs-crypto-dashboard/node_modules/next/dist/server/base-server.js:818:17)
    at async /Users/admin/Desktop/dev/nextjs-crypto-dashboard/node_modules/next/dist/server/dev/next-dev-server.js:339:20
    at async Span.traceAsyncFn (/Users/admin/Desktop/dev/nextjs-crypto-dashboard/node_modules/next/dist/trace/trace.js:154:20)
    at async DevServer.handleRequest (/Users/admin/Desktop/dev/nextjs-crypto-dashboard/node_modules/next/dist/server/dev/next-dev-server.js:336:24)
    at async invokeRender (/Users/admin/Desktop/dev/nextjs-crypto-dashboard/node_modules/next/dist/server/lib/router-server.js:179:21)
    at async handleRequest (/Users/admin/Desktop/dev/nextjs-crypto-dashboard/node_modules/next/dist/server/lib/router-server.js:359:24)
    at async requestHandlerImpl (/Users/admin/Desktop/dev/nextjs-crypto-dashboard/node_modules/next/dist/server/lib/router-server.js:383:13)
    at async Server.requestListener (/Users/admin/Desktop/dev/nextjs-crypto-dashboard/node_modules/next/dist/server/lib/start-server.js:141:13)
 GET /api/coingecko?symbol=XEC 500 in 56ms
 GET /api/coingecko?symbol=AZTEC 404 in 3ms
📊 Dashboard API: Starting...
✅ Markets fetched: 695 total
✅ KRW markets: 239
📦 Fetching 3 batches of tickers...
✅ Tickers fetched: 239
✅ Formatted: 239 coins
📊 CoinGecko 데이터를 백그라운드에서 수집 중...
✅ Dashboard data ready
 GET /api/dashboard 200 in 539ms
 GET /api/coingecko?symbol=BTT 404 in 4ms
 GET /api/coingecko?symbol=MEW 404 in 3ms
Fetching CoinGecko data for VTHO (vethor-token)...
CoinGecko API Error: Error: CoinGecko API error: 429
    at handler (webpack-internal:///(api)/./pages/api/coingecko.js:63:19)
    at process.processTicksAndRejections (node:internal/process/task_queues:105:5)
    at async K (/Users/admin/Desktop/dev/nextjs-crypto-dashboard/node_modules/next/dist/compiled/next-server/pages-api.runtime.dev.js:21:2871)
    at async U.render (/Users/admin/Desktop/dev/nextjs-crypto-dashboard/node_modules/next/dist/compiled/next-server/pages-api.runtime.dev.js:21:3955)
    at async DevServer.runApi (/Users/admin/Desktop/dev/nextjs-crypto-dashboard/node_modules/next/dist/server/next-server.js:603:9)
    at async NextNodeServer.handleCatchallRenderRequest (/Users/admin/Desktop/dev/nextjs-crypto-dashboard/node_modules/next/dist/server/next-server.js:269:37)
    at async DevServer.handleRequestImpl (/Users/admin/Desktop/dev/nextjs-crypto-dashboard/node_modules/next/dist/server/base-server.js:818:17)
    at async /Users/admin/Desktop/dev/nextjs-crypto-dashboard/node_modules/next/dist/server/dev/next-dev-server.js:339:20
    at async Span.traceAsyncFn (/Users/admin/Desktop/dev/nextjs-crypto-dashboard/node_modules/next/dist/trace/trace.js:154:20)
    at async DevServer.handleRequest (/Users/admin/Desktop/dev/nextjs-crypto-dashboard/node_modules/next/dist/server/dev/next-dev-server.js:336:24)
    at async invokeRender (/Users/admin/Desktop/dev/nextjs-crypto-dashboard/node_modules/next/dist/server/lib/router-server.js:179:21)
    at async handleRequest (/Users/admin/Desktop/dev/nextjs-crypto-dashboard/node_modules/next/dist/server/lib/router-server.js:359:24)
    at async requestHandlerImpl (/Users/admin/Desktop/dev/nextjs-crypto-dashboard/node_modules/next/dist/server/lib/router-server.js:383:13)
    at async Server.requestListener (/Users/admin/Desktop/dev/nextjs-crypto-dashboard/node_modules/next/dist/server/lib/start-server.js:141:13)
 GET /api/coingecko?symbol=VTHO 500 in 44ms
Fetching CoinGecko data for SXP (swipe)...
CoinGecko API Error: Error: CoinGecko API error: 429
    at handler (webpack-internal:///(api)/./pages/api/coingecko.js:63:19)
    at process.processTicksAndRejections (node:internal/process/task_queues:105:5)
    at async K (/Users/admin/Desktop/dev/nextjs-crypto-dashboard/node_modules/next/dist/compiled/next-server/pages-api.runtime.dev.js:21:2871)
    at async U.render (/Users/admin/Desktop/dev/nextjs-crypto-dashboard/node_modules/next/dist/compiled/next-server/pages-api.runtime.dev.js:21:3955)
    at async DevServer.runApi (/Users/admin/Desktop/dev/nextjs-crypto-dashboard/node_modules/next/dist/server/next-server.js:603:9)
    at async NextNodeServer.handleCatchallRenderRequest (/Users/admin/Desktop/dev/nextjs-crypto-dashboard/node_modules/next/dist/server/next-server.js:269:37)
    at async DevServer.handleRequestImpl (/Users/admin/Desktop/dev/nextjs-crypto-dashboard/node_modules/next/dist/server/base-server.js:818:17)
    at async /Users/admin/Desktop/dev/nextjs-crypto-dashboard/node_modules/next/dist/server/dev/next-dev-server.js:339:20
    at async Span.traceAsyncFn (/Users/admin/Desktop/dev/nextjs-crypto-dashboard/node_modules/next/dist/trace/trace.js:154:20)
    at async DevServer.handleRequest (/Users/admin/Desktop/dev/nextjs-crypto-dashboard/node_modules/next/dist/server/dev/next-dev-server.js:336:24)
    at async invokeRender (/Users/admin/Desktop/dev/nextjs-crypto-dashboard/node_modules/next/dist/server/lib/router-server.js:179:21)
    at async handleRequest (/Users/admin/Desktop/dev/nextjs-crypto-dashboard/node_modules/next/dist/server/lib/router-server.js:359:24)
    at async requestHandlerImpl (/Users/admin/Desktop/dev/nextjs-crypto-dashboard/node_modules/next/dist/server/lib/router-server.js:383:13)
    at async Server.requestListener (/Users/admin/Desktop/dev/nextjs-crypto-dashboard/node_modules/next/dist/server/lib/start-server.js:141:13)
 GET /api/coingecko?symbol=SXP 500 in 39ms
 GET /api/coingecko?symbol=PEPE 404 in 1ms
 GET /api/coingecko?symbol=BEAM 404 in 1ms
 GET /api/coingecko?symbol=TOSHI 404 in 2ms
Fetching CoinGecko data for FLOCK (flock)...
CoinGecko API Error: Error: CoinGecko API error: 429
    at handler (webpack-internal:///(api)/./pages/api/coingecko.js:63:19)
    at process.processTicksAndRejections (node:internal/process/task_queues:105:5)
    at async K (/Users/admin/Desktop/dev/nextjs-crypto-dashboard/node_modules/next/dist/compiled/next-server/pages-api.runtime.dev.js:21:2871)
    at async U.render (/Users/admin/Desktop/dev/nextjs-crypto-dashboard/node_modules/next/dist/compiled/next-server/pages-api.runtime.dev.js:21:3955)
    at async DevServer.runApi (/Users/admin/Desktop/dev/nextjs-crypto-dashboard/node_modules/next/dist/server/next-server.js:603:9)
    at async NextNodeServer.handleCatchallRenderRequest (/Users/admin/Desktop/dev/nextjs-crypto-dashboard/node_modules/next/dist/server/next-server.js:269:37)
    at async DevServer.handleRequestImpl (/Users/admin/Desktop/dev/nextjs-crypto-dashboard/node_modules/next/dist/server/base-server.js:818:17)
    at async /Users/admin/Desktop/dev/nextjs-crypto-dashboard/node_modules/next/dist/server/dev/next-dev-server.js:339:20
    at async Span.traceAsyncFn (/Users/admin/Desktop/dev/nextjs-crypto-dashboard/node_modules/next/dist/trace/trace.js:154:20)
    at async DevServer.handleRequest (/Users/admin/Desktop/dev/nextjs-crypto-dashboard/node_modules/next/dist/server/dev/next-dev-server.js:336:24)
    at async invokeRender (/Users/admin/Desktop/dev/nextjs-crypto-dashboard/node_modules/next/dist/server/lib/router-server.js:179:21)
    at async handleRequest (/Users/admin/Desktop/dev/nextjs-crypto-dashboard/node_modules/next/dist/server/lib/router-server.js:359:24)
    at async requestHandlerImpl (/Users/admin/Desktop/dev/nextjs-crypto-dashboard/node_modules/next/dist/server/lib/router-server.js:383:13)
    at async Server.requestListener (/Users/admin/Desktop/dev/nextjs-crypto-dashboard/node_modules/next/dist/server/lib/start-server.js:141:13)
 GET /api/coingecko?symbol=FLOCK 500 in 44ms
Fetching CoinGecko data for SHIB (shiba-inu)...
CoinGecko API Error: Error: CoinGecko API error: 429
    at handler (webpack-internal:///(api)/./pages/api/coingecko.js:63:19)
    at process.processTicksAndRejections (node:internal/process/task_queues:105:5)
    at async K (/Users/admin/Desktop/dev/nextjs-crypto-dashboard/node_modules/next/dist/compiled/next-server/pages-api.runtime.dev.js:21:2871)
    at async U.render (/Users/admin/Desktop/dev/nextjs-crypto-dashboard/node_modules/next/dist/compiled/next-server/pages-api.runtime.dev.js:21:3955)
    at async DevServer.runApi (/Users/admin/Desktop/dev/nextjs-crypto-dashboard/node_modules/next/dist/server/next-server.js:603:9)
    at async NextNodeServer.handleCatchallRenderRequest (/Users/admin/Desktop/dev/nextjs-crypto-dashboard/node_modules/next/dist/server/next-server.js:269:37)
    at async DevServer.handleRequestImpl (/Users/admin/Desktop/dev/nextjs-crypto-dashboard/node_modules/next/dist/server/base-server.js:818:17)
    at async /Users/admin/Desktop/dev/nextjs-crypto-dashboard/node_modules/next/dist/server/dev/next-dev-server.js:339:20
    at async Span.traceAsyncFn (/Users/admin/Desktop/dev/nextjs-crypto-dashboard/node_modules/next/dist/trace/trace.js:154:20)
    at async DevServer.handleRequest (/Users/admin/Desktop/dev/nextjs-crypto-dashboard/node_modules/next/dist/server/dev/next-dev-server.js:336:24)
    at async invokeRender (/Users/admin/Desktop/dev/nextjs-crypto-dashboard/node_modules/next/dist/server/lib/router-server.js:179:21)
    at async handleRequest (/Users/admin/Desktop/dev/nextjs-crypto-dashboard/node_modules/next/dist/server/lib/router-server.js:359:24)
    at async requestHandlerImpl (/Users/admin/Desktop/dev/nextjs-crypto-dashboard/node_modules/next/dist/server/lib/router-server.js:383:13)
    at async Server.requestListener (/Users/admin/Desktop/dev/nextjs-crypto-dashboard/node_modules/next/dist/server/lib/start-server.js:141:13)
 GET /api/coingecko?symbol=SHIB 500 in 51ms
 GET /api/coingecko?symbol=PENGU 404 in 3ms
 GET /api/coingecko?symbol=POKT 404 in 2ms
 GET /api/coingecko?symbol=LINEA 404 in 9ms
 GET /api/coingecko?symbol=BONK 404 in 4ms
 GET /api/coingecko?symbol=NOM 404 in 5ms
 GET /api/coingecko?symbol=BLAST 404 in 4ms
Fetching CoinGecko data for YGG (yield-guild-games)...
CoinGecko API Error: Error: CoinGecko API error: 429
    at handler (webpack-internal:///(api)/./pages/api/coingecko.js:63:19)
    at process.processTicksAndRejections (node:internal/process/task_queues:105:5)
    at async K (/Users/admin/Desktop/dev/nextjs-crypto-dashboard/node_modules/next/dist/compiled/next-server/pages-api.runtime.dev.js:21:2871)
    at async U.render (/Users/admin/Desktop/dev/nextjs-crypto-dashboard/node_modules/next/dist/compiled/next-server/pages-api.runtime.dev.js:21:3955)
    at async DevServer.runApi (/Users/admin/Desktop/dev/nextjs-crypto-dashboard/node_modules/next/dist/server/next-server.js:603:9)
    at async NextNodeServer.handleCatchallRenderRequest (/Users/admin/Desktop/dev/nextjs-crypto-dashboard/node_modules/next/dist/server/next-server.js:269:37)
    at async DevServer.handleRequestImpl (/Users/admin/Desktop/dev/nextjs-crypto-dashboard/node_modules/next/dist/server/base-server.js:818:17)
    at async /Users/admin/Desktop/dev/nextjs-crypto-dashboard/node_modules/next/dist/server/dev/next-dev-server.js:339:20
    at async Span.traceAsyncFn (/Users/admin/Desktop/dev/nextjs-crypto-dashboard/node_modules/next/dist/trace/trace.js:154:20)
    at async DevServer.handleRequest (/Users/admin/Desktop/dev/nextjs-crypto-dashboard/node_modules/next/dist/server/dev/next-dev-server.js:336:24)
    at async invokeRender (/Users/admin/Desktop/dev/nextjs-crypto-dashboard/node_modules/next/dist/server/lib/router-server.js:179:21)
    at async handleRequest (/Users/admin/Desktop/dev/nextjs-crypto-dashboard/node_modules/next/dist/server/lib/router-server.js:359:24)
    at async requestHandlerImpl (/Users/admin/Desktop/dev/nextjs-crypto-dashboard/node_modules/next/dist/server/lib/router-server.js:383:13)
    at async Server.requestListener (/Users/admin/Desktop/dev/nextjs-crypto-dashboard/node_modules/next/dist/server/lib/start-server.js:141:13)
 GET /api/coingecko?symbol=YGG 500 in 47ms
Fetching CoinGecko data for XEC (ecash)...
CoinGecko API Error: Error: CoinGecko API error: 429
    at handler (webpack-internal:///(api)/./pages/api/coingecko.js:63:19)
    at process.processTicksAndRejections (node:internal/process/task_queues:105:5)
    at async K (/Users/admin/Desktop/dev/nextjs-crypto-dashboard/node_modules/next/dist/compiled/next-server/pages-api.runtime.dev.js:21:2871)
    at async U.render (/Users/admin/Desktop/dev/nextjs-crypto-dashboard/node_modules/next/dist/compiled/next-server/pages-api.runtime.dev.js:21:3955)
    at async DevServer.runApi (/Users/admin/Desktop/dev/nextjs-crypto-dashboard/node_modules/next/dist/server/next-server.js:603:9)
    at async NextNodeServer.handleCatchallRenderRequest (/Users/admin/Desktop/dev/nextjs-crypto-dashboard/node_modules/next/dist/server/next-server.js:269:37)
    at async DevServer.handleRequestImpl (/Users/admin/Desktop/dev/nextjs-crypto-dashboard/node_modules/next/dist/server/base-server.js:818:17)
    at async /Users/admin/Desktop/dev/nextjs-crypto-dashboard/node_modules/next/dist/server/dev/next-dev-server.js:339:20
    at async Span.traceAsyncFn (/Users/admin/Desktop/dev/nextjs-crypto-dashboard/node_modules/next/dist/trace/trace.js:154:20)
    at async DevServer.handleRequest (/Users/admin/Desktop/dev/nextjs-crypto-dashboard/node_modules/next/dist/server/dev/next-dev-server.js:336:24)
    at async invokeRender (/Users/admin/Desktop/dev/nextjs-crypto-dashboard/node_modules/next/dist/server/lib/router-server.js:179:21)
    at async handleRequest (/Users/admin/Desktop/dev/nextjs-crypto-dashboard/node_modules/next/dist/server/lib/router-server.js:359:24)
    at async requestHandlerImpl (/Users/admin/Desktop/dev/nextjs-crypto-dashboard/node_modules/next/dist/server/lib/router-server.js:383:13)
    at async Server.requestListener (/Users/admin/Desktop/dev/nextjs-crypto-dashboard/node_modules/next/dist/server/lib/start-server.js:141:13)
 GET /api/coingecko?symbol=XEC 500 in 44ms
 GET /api/coingecko?symbol=AZTEC 404 in 3ms
 GET /api/coingecko?symbol=PUMP 404 in 4ms
📊 Dashboard API: Starting...
✅ Markets fetched: 695 total
✅ KRW markets: 239
📦 Fetching 3 batches of tickers...
Fetching CoinGecko data for FLOW (flow)...
CoinGecko API Error: Error: CoinGecko API error: 429
    at handler (webpack-internal:///(api)/./pages/api/coingecko.js:63:19)
    at process.processTicksAndRejections (node:internal/process/task_queues:105:5)
    at async K (/Users/admin/Desktop/dev/nextjs-crypto-dashboard/node_modules/next/dist/compiled/next-server/pages-api.runtime.dev.js:21:2871)
    at async U.render (/Users/admin/Desktop/dev/nextjs-crypto-dashboard/node_modules/next/dist/compiled/next-server/pages-api.runtime.dev.js:21:3955)
    at async DevServer.runApi (/Users/admin/Desktop/dev/nextjs-crypto-dashboard/node_modules/next/dist/server/next-server.js:603:9)
    at async NextNodeServer.handleCatchallRenderRequest (/Users/admin/Desktop/dev/nextjs-crypto-dashboard/node_modules/next/dist/server/next-server.js:269:37)
    at async DevServer.handleRequestImpl (/Users/admin/Desktop/dev/nextjs-crypto-dashboard/node_modules/next/dist/server/base-server.js:818:17)
    at async /Users/admin/Desktop/dev/nextjs-crypto-dashboard/node_modules/next/dist/server/dev/next-dev-server.js:339:20
    at async Span.traceAsyncFn (/Users/admin/Desktop/dev/nextjs-crypto-dashboard/node_modules/next/dist/trace/trace.js:154:20)
    at async DevServer.handleRequest (/Users/admin/Desktop/dev/nextjs-crypto-dashboard/node_modules/next/dist/server/dev/next-dev-server.js:336:24)
    at async invokeRender (/Users/admin/Desktop/dev/nextjs-crypto-dashboard/node_modules/next/dist/server/lib/router-server.js:179:21)
    at async handleRequest (/Users/admin/Desktop/dev/nextjs-crypto-dashboard/node_modules/next/dist/server/lib/router-server.js:359:24)
    at async requestHandlerImpl (/Users/admin/Desktop/dev/nextjs-crypto-dashboard/node_modules/next/dist/server/lib/router-server.js:383:13)
    at async Server.requestListener (/Users/admin/Desktop/dev/nextjs-crypto-dashboard/node_modules/next/dist/server/lib/start-server.js:141:13)
 GET /api/coingecko?symbol=FLOW 500 in 39ms
✅ Tickers fetched: 239
✅ Formatted: 239 coins
📊 CoinGecko 데이터를 백그라운드에서 수집 중...
✅ Dashboard data ready
 GET /api/dashboard 200 in 539ms
 GET /api/coingecko?symbol=BTT 404 in 4ms
Fetching CoinGecko data for VTHO (vethor-token)...
Fetching CoinGecko data for SXP (swipe)...
CoinGecko API Error: Error: CoinGecko API error: 429
    at handler (webpack-internal:///(api)/./pages/api/coingecko.js:63:19)
    at process.processTicksAndRejections (node:internal/process/task_queues:105:5)
    at async K (/Users/admin/Desktop/dev/nextjs-crypto-dashboard/node_modules/next/dist/compiled/next-server/pages-api.runtime.dev.js:21:2871)
    at async U.render (/Users/admin/Desktop/dev/nextjs-crypto-dashboard/node_modules/next/dist/compiled/next-server/pages-api.runtime.dev.js:21:3955)
    at async DevServer.runApi (/Users/admin/Desktop/dev/nextjs-crypto-dashboard/node_modules/next/dist/server/next-server.js:603:9)
    at async NextNodeServer.handleCatchallRenderRequest (/Users/admin/Desktop/dev/nextjs-crypto-dashboard/node_modules/next/dist/server/next-server.js:269:37)
    at async DevServer.handleRequestImpl (/Users/admin/Desktop/dev/nextjs-crypto-dashboard/node_modules/next/dist/server/base-server.js:818:17)
    at async /Users/admin/Desktop/dev/nextjs-crypto-dashboard/node_modules/next/dist/server/dev/next-dev-server.js:339:20
    at async Span.traceAsyncFn (/Users/admin/Desktop/dev/nextjs-crypto-dashboard/node_modules/next/dist/trace/trace.js:154:20)
    at async DevServer.handleRequest (/Users/admin/Desktop/dev/nextjs-crypto-dashboard/node_modules/next/dist/server/dev/next-dev-server.js:336:24)
    at async invokeRender (/Users/admin/Desktop/dev/nextjs-crypto-dashboard/node_modules/next/dist/server/lib/router-server.js:179:21)
    at async handleRequest (/Users/admin/Desktop/dev/nextjs-crypto-dashboard/node_modules/next/dist/server/lib/router-server.js:359:24)
    at async requestHandlerImpl (/Users/admin/Desktop/dev/nextjs-crypto-dashboard/node_modules/next/dist/server/lib/router-server.js:383:13)
    at async Server.requestListener (/Users/admin/Desktop/dev/nextjs-crypto-dashboard/node_modules/next/dist/server/lib/start-server.js:141:13)
 GET /api/coingecko?symbol=VTHO 500 in 41ms
 GET /api/coingecko?symbol=ZIL 404 in 3ms
CoinGecko API Error: Error: CoinGecko API error: 429
    at handler (webpack-internal:///(api)/./pages/api/coingecko.js:63:19)
    at process.processTicksAndRejections (node:internal/process/task_queues:105:5)
    at async K (/Users/admin/Desktop/dev/nextjs-crypto-dashboard/node_modules/next/dist/compiled/next-server/pages-api.runtime.dev.js:21:2871)
    at async U.render (/Users/admin/Desktop/dev/nextjs-crypto-dashboard/node_modules/next/dist/compiled/next-server/pages-api.runtime.dev.js:21:3955)
    at async DevServer.runApi (/Users/admin/Desktop/dev/nextjs-crypto-dashboard/node_modules/next/dist/server/next-server.js:603:9)
    at async NextNodeServer.handleCatchallRenderRequest (/Users/admin/Desktop/dev/nextjs-crypto-dashboard/node_modules/next/dist/server/next-server.js:269:37)
    at async DevServer.handleRequestImpl (/Users/admin/Desktop/dev/nextjs-crypto-dashboard/node_modules/next/dist/server/base-server.js:818:17)
    at async /Users/admin/Desktop/dev/nextjs-crypto-dashboard/node_modules/next/dist/server/dev/next-dev-server.js:339:20
    at async Span.traceAsyncFn (/Users/admin/Desktop/dev/nextjs-crypto-dashboard/node_modules/next/dist/trace/trace.js:154:20)
    at async DevServer.handleRequest (/Users/admin/Desktop/dev/nextjs-crypto-dashboard/node_modules/next/dist/server/dev/next-dev-server.js:336:24)
    at async invokeRender (/Users/admin/Desktop/dev/nextjs-crypto-dashboard/node_modules/next/dist/server/lib/router-server.js:179:21)
    at async handleRequest (/Users/admin/Desktop/dev/nextjs-crypto-dashboard/node_modules/next/dist/server/lib/router-server.js:359:24)
    at async requestHandlerImpl (/Users/admin/Desktop/dev/nextjs-crypto-dashboard/node_modules/next/dist/server/lib/router-server.js:383:13)
    at async Server.requestListener (/Users/admin/Desktop/dev/nextjs-crypto-dashboard/node_modules/next/dist/server/lib/start-server.js:141:13)
 GET /api/coingecko?symbol=SXP 500 in 134ms
 GET /api/coingecko?symbol=STEEM 404 in 4ms
 GET /api/coingecko?symbol=PEPE 404 in 4ms
 GET /api/coingecko?symbol=TOSHI 404 in 3ms
 GET /api/coingecko?symbol=ZK 404 in 2ms
Fetching CoinGecko data for FLOCK (flock)...
CoinGecko API Error: Error: CoinGecko API error: 429
    at handler (webpack-internal:///(api)/./pages/api/coingecko.js:63:19)
    at process.processTicksAndRejections (node:internal/process/task_queues:105:5)
    at async K (/Users/admin/Desktop/dev/nextjs-crypto-dashboard/node_modules/next/dist/compiled/next-server/pages-api.runtime.dev.js:21:2871)
    at async U.render (/Users/admin/Desktop/dev/nextjs-crypto-dashboard/node_modules/next/dist/compiled/next-server/pages-api.runtime.dev.js:21:3955)
    at async DevServer.runApi (/Users/admin/Desktop/dev/nextjs-crypto-dashboard/node_modules/next/dist/server/next-server.js:603:9)
    at async NextNodeServer.handleCatchallRenderRequest (/Users/admin/Desktop/dev/nextjs-crypto-dashboard/node_modules/next/dist/server/next-server.js:269:37)
    at async DevServer.handleRequestImpl (/Users/admin/Desktop/dev/nextjs-crypto-dashboard/node_modules/next/dist/server/base-server.js:818:17)
    at async /Users/admin/Desktop/dev/nextjs-crypto-dashboard/node_modules/next/dist/server/dev/next-dev-server.js:339:20
    at async Span.traceAsyncFn (/Users/admin/Desktop/dev/nextjs-crypto-dashboard/node_modules/next/dist/trace/trace.js:154:20)
    at async DevServer.handleRequest (/Users/admin/Desktop/dev/nextjs-crypto-dashboard/node_modules/next/dist/server/dev/next-dev-server.js:336:24)
    at async invokeRender (/Users/admin/Desktop/dev/nextjs-crypto-dashboard/node_modules/next/dist/server/lib/router-server.js:179:21)
    at async handleRequest (/Users/admin/Desktop/dev/nextjs-crypto-dashboard/node_modules/next/dist/server/lib/router-server.js:359:24)
    at async requestHandlerImpl (/Users/admin/Desktop/dev/nextjs-crypto-dashboard/node_modules/next/dist/server/lib/router-server.js:383:13)
    at async Server.requestListener (/Users/admin/Desktop/dev/nextjs-crypto-dashboard/node_modules/next/dist/server/lib/start-server.js:141:13)
 GET /api/coingecko?symbol=FLOCK 500 in 45ms
 GET /api/coingecko?symbol=AWE 404 in 2ms
Fetching CoinGecko data for SHIB (shiba-inu)...
CoinGecko API Error: Error: CoinGecko API error: 429
    at handler (webpack-internal:///(api)/./pages/api/coingecko.js:63:19)
    at process.processTicksAndRejections (node:internal/process/task_queues:105:5)
    at async K (/Users/admin/Desktop/dev/nextjs-crypto-dashboard/node_modules/next/dist/compiled/next-server/pages-api.runtime.dev.js:21:2871)
    at async U.render (/Users/admin/Desktop/dev/nextjs-crypto-dashboard/node_modules/next/dist/compiled/next-server/pages-api.runtime.dev.js:21:3955)
    at async DevServer.runApi (/Users/admin/Desktop/dev/nextjs-crypto-dashboard/node_modules/next/dist/server/next-server.js:603:9)
    at async NextNodeServer.handleCatchallRenderRequest (/Users/admin/Desktop/dev/nextjs-crypto-dashboard/node_modules/next/dist/server/next-server.js:269:37)
    at async DevServer.handleRequestImpl (/Users/admin/Desktop/dev/nextjs-crypto-dashboard/node_modules/next/dist/server/base-server.js:818:17)
    at async /Users/admin/Desktop/dev/nextjs-crypto-dashboard/node_modules/next/dist/server/dev/next-dev-server.js:339:20
    at async Span.traceAsyncFn (/Users/admin/Desktop/dev/nextjs-crypto-dashboard/node_modules/next/dist/trace/trace.js:154:20)
    at async DevServer.handleRequest (/Users/admin/Desktop/dev/nextjs-crypto-dashboard/node_modules/next/dist/server/dev/next-dev-server.js:336:24)
    at async invokeRender (/Users/admin/Desktop/dev/nextjs-crypto-dashboard/node_modules/next/dist/server/lib/router-server.js:179:21)
    at async handleRequest (/Users/admin/Desktop/dev/nextjs-crypto-dashboard/node_modules/next/dist/server/lib/router-server.js:359:24)
    at async requestHandlerImpl (/Users/admin/Desktop/dev/nextjs-crypto-dashboard/node_modules/next/dist/server/lib/router-server.js:383:13)
    at async Server.requestListener (/Users/admin/Desktop/dev/nextjs-crypto-dashboard/node_modules/next/dist/server/lib/start-server.js:141:13)
 GET /api/coingecko?symbol=SHIB 500 in 41ms
 GET /api/coingecko?symbol=POKT 404 in 2ms
 GET /api/coingecko?symbol=SENT 404 in 6ms
 GET /api/coingecko?symbol=LINEA 404 in 7ms
Fetching CoinGecko data for DOGE (dogecoin)...
CoinGecko API Error: Error: CoinGecko API error: 429
    at handler (webpack-internal:///(api)/./pages/api/coingecko.js:63:19)
    at process.processTicksAndRejections (node:internal/process/task_queues:105:5)
    at async K (/Users/admin/Desktop/dev/nextjs-crypto-dashboard/node_modules/next/dist/compiled/next-server/pages-api.runtime.dev.js:21:2871)
    at async U.render (/Users/admin/Desktop/dev/nextjs-crypto-dashboard/node_modules/next/dist/compiled/next-server/pages-api.runtime.dev.js:21:3955)
    at async DevServer.runApi (/Users/admin/Desktop/dev/nextjs-crypto-dashboard/node_modules/next/dist/server/next-server.js:603:9)
    at async NextNodeServer.handleCatchallRenderRequest (/Users/admin/Desktop/dev/nextjs-crypto-dashboard/node_modules/next/dist/server/next-server.js:269:37)
    at async DevServer.handleRequestImpl (/Users/admin/Desktop/dev/nextjs-crypto-dashboard/node_modules/next/dist/server/base-server.js:818:17)
    at async /Users/admin/Desktop/dev/nextjs-crypto-dashboard/node_modules/next/dist/server/dev/next-dev-server.js:339:20
    at async Span.traceAsyncFn (/Users/admin/Desktop/dev/nextjs-crypto-dashboard/node_modules/next/dist/trace/trace.js:154:20)
    at async DevServer.handleRequest (/Users/admin/Desktop/dev/nextjs-crypto-dashboard/node_modules/next/dist/server/dev/next-dev-server.js:336:24)
    at async invokeRender (/Users/admin/Desktop/dev/nextjs-crypto-dashboard/node_modules/next/dist/server/lib/router-server.js:179:21)
    at async handleRequest (/Users/admin/Desktop/dev/nextjs-crypto-dashboard/node_modules/next/dist/server/lib/router-server.js:359:24)
    at async requestHandlerImpl (/Users/admin/Desktop/dev/nextjs-crypto-dashboard/node_modules/next/dist/server/lib/router-server.js:383:13)
    at async Server.requestListener (/Users/admin/Desktop/dev/nextjs-crypto-dashboard/node_modules/next/dist/server/lib/start-server.js:141:13)
 GET /api/coingecko?symbol=DOGE 500 in 41ms
 GET /api/coingecko?symbol=BONK 404 in 2ms
 GET /api/coingecko?symbol=BLAST 404 in 3ms
Fetching CoinGecko data for ORBS (orbs)...
CoinGecko API Error: Error: CoinGecko API error: 429
    at handler (webpack-internal:///(api)/./pages/api/coingecko.js:63:19)
    at process.processTicksAndRejections (node:internal/process/task_queues:105:5)
    at async K (/Users/admin/Desktop/dev/nextjs-crypto-dashboard/node_modules/next/dist/compiled/next-server/pages-api.runtime.dev.js:21:2871)
    at async U.render (/Users/admin/Desktop/dev/nextjs-crypto-dashboard/node_modules/next/dist/compiled/next-server/pages-api.runtime.dev.js:21:3955)
    at async DevServer.runApi (/Users/admin/Desktop/dev/nextjs-crypto-dashboard/node_modules/next/dist/server/next-server.js:603:9)
    at async NextNodeServer.handleCatchallRenderRequest (/Users/admin/Desktop/dev/nextjs-crypto-dashboard/node_modules/next/dist/server/next-server.js:269:37)
    at async DevServer.handleRequestImpl (/Users/admin/Desktop/dev/nextjs-crypto-dashboard/node_modules/next/dist/server/base-server.js:818:17)
    at async /Users/admin/Desktop/dev/nextjs-crypto-dashboard/node_modules/next/dist/server/dev/next-dev-server.js:339:20
    at async Span.traceAsyncFn (/Users/admin/Desktop/dev/nextjs-crypto-dashboard/node_modules/next/dist/trace/trace.js:154:20)
    at async DevServer.handleRequest (/Users/admin/Desktop/dev/nextjs-crypto-dashboard/node_modules/next/dist/server/dev/next-dev-server.js:336:24)
    at async invokeRender (/Users/admin/Desktop/dev/nextjs-crypto-dashboard/node_modules/next/dist/server/lib/router-server.js:179:21)
    at async handleRequest (/Users/admin/Desktop/dev/nextjs-crypto-dashboard/node_modules/next/dist/server/lib/router-server.js:359:24)
    at async requestHandlerImpl (/Users/admin/Desktop/dev/nextjs-crypto-dashboard/node_modules/next/dist/server/lib/router-server.js:383:13)
    at async Server.requestListener (/Users/admin/Desktop/dev/nextjs-crypto-dashboard/node_modules/next/dist/server/lib/start-server.js:141:13)
 GET /api/coingecko?symbol=ORBS 500 in 39ms
Fetching CoinGecko data for YGG (yield-guild-games)...
CoinGecko API Error: Error: CoinGecko API error: 429
    at handler (webpack-internal:///(api)/./pages/api/coingecko.js:63:19)
    at process.processTicksAndRejections (node:internal/process/task_queues:105:5)
    at async K (/Users/admin/Desktop/dev/nextjs-crypto-dashboard/node_modules/next/dist/compiled/next-server/pages-api.runtime.dev.js:21:2871)
    at async U.render (/Users/admin/Desktop/dev/nextjs-crypto-dashboard/node_modules/next/dist/compiled/next-server/pages-api.runtime.dev.js:21:3955)
    at async DevServer.runApi (/Users/admin/Desktop/dev/nextjs-crypto-dashboard/node_modules/next/dist/server/next-server.js:603:9)
    at async NextNodeServer.handleCatchallRenderRequest (/Users/admin/Desktop/dev/nextjs-crypto-dashboard/node_modules/next/dist/server/next-server.js:269:37)
    at async DevServer.handleRequestImpl (/Users/admin/Desktop/dev/nextjs-crypto-dashboard/node_modules/next/dist/server/base-server.js:818:17)
    at async /Users/admin/Desktop/dev/nextjs-crypto-dashboard/node_modules/next/dist/server/dev/next-dev-server.js:339:20
    at async Span.traceAsyncFn (/Users/admin/Desktop/dev/nextjs-crypto-dashboard/node_modules/next/dist/trace/trace.js:154:20)
    at async DevServer.handleRequest (/Users/admin/Desktop/dev/nextjs-crypto-dashboard/node_modules/next/dist/server/dev/next-dev-server.js:336:24)
    at async invokeRender (/Users/admin/Desktop/dev/nextjs-crypto-dashboard/node_modules/next/dist/server/lib/router-server.js:179:21)
    at async handleRequest (/Users/admin/Desktop/dev/nextjs-crypto-dashboard/node_modules/next/dist/server/lib/router-server.js:359:24)
    at async requestHandlerImpl (/Users/admin/Desktop/dev/nextjs-crypto-dashboard/node_modules/next/dist/server/lib/router-server.js:383:13)
    at async Server.requestListener (/Users/admin/Desktop/dev/nextjs-crypto-dashboard/node_modules/next/dist/server/lib/start-server.js:141:13)
 GET /api/coingecko?symbol=YGG 500 in 43ms
Fetching CoinGecko data for AGLD (adventure-gold)...
CoinGecko API Error: Error: CoinGecko API error: 429
    at handler (webpack-internal:///(api)/./pages/api/coingecko.js:63:19)
    at process.processTicksAndRejections (node:internal/process/task_queues:105:5)
    at async K (/Users/admin/Desktop/dev/nextjs-crypto-dashboard/node_modules/next/dist/compiled/next-server/pages-api.runtime.dev.js:21:2871)
    at async U.render (/Users/admin/Desktop/dev/nextjs-crypto-dashboard/node_modules/next/dist/compiled/next-server/pages-api.runtime.dev.js:21:3955)
    at async DevServer.runApi (/Users/admin/Desktop/dev/nextjs-crypto-dashboard/node_modules/next/dist/server/next-server.js:603:9)
    at async NextNodeServer.handleCatchallRenderRequest (/Users/admin/Desktop/dev/nextjs-crypto-dashboard/node_modules/next/dist/server/next-server.js:269:37)
    at async DevServer.handleRequestImpl (/Users/admin/Desktop/dev/nextjs-crypto-dashboard/node_modules/next/dist/server/base-server.js:818:17)
    at async /Users/admin/Desktop/dev/nextjs-crypto-dashboard/node_modules/next/dist/server/dev/next-dev-server.js:339:20
    at async Span.traceAsyncFn (/Users/admin/Desktop/dev/nextjs-crypto-dashboard/node_modules/next/dist/trace/trace.js:154:20)
    at async DevServer.handleRequest (/Users/admin/Desktop/dev/nextjs-crypto-dashboard/node_modules/next/dist/server/dev/next-dev-server.js:336:24)
    at async invokeRender (/Users/admin/Desktop/dev/nextjs-crypto-dashboard/node_modules/next/dist/server/lib/router-server.js:179:21)
    at async handleRequest (/Users/admin/Desktop/dev/nextjs-crypto-dashboard/node_modules/next/dist/server/lib/router-server.js:359:24)
    at async requestHandlerImpl (/Users/admin/Desktop/dev/nextjs-crypto-dashboard/node_modules/next/dist/server/lib/router-server.js:383:13)
    at async Server.requestListener (/Users/admin/Desktop/dev/nextjs-crypto-dashboard/node_modules/next/dist/server/lib/start-server.js:141:13)
 GET /api/coingecko?symbol=AGLD 500 in 55ms
Fetching CoinGecko data for XEC (ecash)...
CoinGecko API Error: Error: CoinGecko API error: 429
    at handler (webpack-internal:///(api)/./pages/api/coingecko.js:63:19)
    at process.processTicksAndRejections (node:internal/process/task_queues:105:5)
    at async K (/Users/admin/Desktop/dev/nextjs-crypto-dashboard/node_modules/next/dist/compiled/next-server/pages-api.runtime.dev.js:21:2871)
    at async U.render (/Users/admin/Desktop/dev/nextjs-crypto-dashboard/node_modules/next/dist/compiled/next-server/pages-api.runtime.dev.js:21:3955)
    at async DevServer.runApi (/Users/admin/Desktop/dev/nextjs-crypto-dashboard/node_modules/next/dist/server/next-server.js:603:9)
    at async NextNodeServer.handleCatchallRenderRequest (/Users/admin/Desktop/dev/nextjs-crypto-dashboard/node_modules/next/dist/server/next-server.js:269:37)
    at async DevServer.handleRequestImpl (/Users/admin/Desktop/dev/nextjs-crypto-dashboard/node_modules/next/dist/server/base-server.js:818:17)
    at async /Users/admin/Desktop/dev/nextjs-crypto-dashboard/node_modules/next/dist/server/dev/next-dev-server.js:339:20
    at async Span.traceAsyncFn (/Users/admin/Desktop/dev/nextjs-crypto-dashboard/node_modules/next/dist/trace/trace.js:154:20)
    at async DevServer.handleRequest (/Users/admin/Desktop/dev/nextjs-crypto-dashboard/node_modules/next/dist/server/dev/next-dev-server.js:336:24)
    at async invokeRender (/Users/admin/Desktop/dev/nextjs-crypto-dashboard/node_modules/next/dist/server/lib/router-server.js:179:21)
    at async handleRequest (/Users/admin/Desktop/dev/nextjs-crypto-dashboard/node_modules/next/dist/server/lib/router-server.js:359:24)
    at async requestHandlerImpl (/Users/admin/Desktop/dev/nextjs-crypto-dashboard/node_modules/next/dist/server/lib/router-server.js:383:13)
    at async Server.requestListener (/Users/admin/Desktop/dev/nextjs-crypto-dashboard/node_modules/next/dist/server/lib/start-server.js:141:13)
 GET /api/coingecko?symbol=XEC 500 in 47ms
 GET /api/coingecko?symbol=PUMP 404 in 2ms
 GET /api/coingecko?symbol=MEW 404 in 10ms
Fetching CoinGecko data for FLOW (flow)...
CoinGecko API Error: Error: CoinGecko API error: 429
    at handler (webpack-internal:///(api)/./pages/api/coingecko.js:63:19)
    at process.processTicksAndRejections (node:internal/process/task_queues:105:5)
    at async K (/Users/admin/Desktop/dev/nextjs-crypto-dashboard/node_modules/next/dist/compiled/next-server/pages-api.runtime.dev.js:21:2871)
    at async U.render (/Users/admin/Desktop/dev/nextjs-crypto-dashboard/node_modules/next/dist/compiled/next-server/pages-api.runtime.dev.js:21:3955)
    at async DevServer.runApi (/Users/admin/Desktop/dev/nextjs-crypto-dashboard/node_modules/next/dist/server/next-server.js:603:9)
    at async NextNodeServer.handleCatchallRenderRequest (/Users/admin/Desktop/dev/nextjs-crypto-dashboard/node_modules/next/dist/server/next-server.js:269:37)
    at async DevServer.handleRequestImpl (/Users/admin/Desktop/dev/nextjs-crypto-dashboard/node_modules/next/dist/server/base-server.js:818:17)
    at async /Users/admin/Desktop/dev/nextjs-crypto-dashboard/node_modules/next/dist/server/dev/next-dev-server.js:339:20
    at async Span.traceAsyncFn (/Users/admin/Desktop/dev/nextjs-crypto-dashboard/node_modules/next/dist/trace/trace.js:154:20)
    at async DevServer.handleRequest (/Users/admin/Desktop/dev/nextjs-crypto-dashboard/node_modules/next/dist/server/dev/next-dev-server.js:336:24)
    at async invokeRender (/Users/admin/Desktop/dev/nextjs-crypto-dashboard/node_modules/next/dist/server/lib/router-server.js:179:21)
    at async handleRequest (/Users/admin/Desktop/dev/nextjs-crypto-dashboard/node_modules/next/dist/server/lib/router-server.js:359:24)
    at async requestHandlerImpl (/Users/admin/Desktop/dev/nextjs-crypto-dashboard/node_modules/next/dist/server/lib/router-server.js:383:13)
    at async Server.requestListener (/Users/admin/Desktop/dev/nextjs-crypto-dashboard/node_modules/next/dist/server/lib/start-server.js:141:13)
 GET /api/coingecko?symbol=FLOW 500 in 39ms
 GET /api/dashboard 304 in 2ms
 GET /api/coingecko?symbol=BIO 404 in 2ms
Fetching CoinGecko data for VTHO (vethor-token)...
CoinGecko API Error: Error: CoinGecko API error: 429
    at handler (webpack-internal:///(api)/./pages/api/coingecko.js:63:19)
    at process.processTicksAndRejections (node:internal/process/task_queues:105:5)
    at async K (/Users/admin/Desktop/dev/nextjs-crypto-dashboard/node_modules/next/dist/compiled/next-server/pages-api.runtime.dev.js:21:2871)
    at async U.render (/Users/admin/Desktop/dev/nextjs-crypto-dashboard/node_modules/next/dist/compiled/next-server/pages-api.runtime.dev.js:21:3955)
    at async DevServer.runApi (/Users/admin/Desktop/dev/nextjs-crypto-dashboard/node_modules/next/dist/server/next-server.js:603:9)
    at async NextNodeServer.handleCatchallRenderRequest (/Users/admin/Desktop/dev/nextjs-crypto-dashboard/node_modules/next/dist/server/next-server.js:269:37)
    at async DevServer.handleRequestImpl (/Users/admin/Desktop/dev/nextjs-crypto-dashboard/node_modules/next/dist/server/base-server.js:818:17)
    at async /Users/admin/Desktop/dev/nextjs-crypto-dashboard/node_modules/next/dist/server/dev/next-dev-server.js:339:20
    at async Span.traceAsyncFn (/Users/admin/Desktop/dev/nextjs-crypto-dashboard/node_modules/next/dist/trace/trace.js:154:20)
    at async DevServer.handleRequest (/Users/admin/Desktop/dev/nextjs-crypto-dashboard/node_modules/next/dist/server/dev/next-dev-server.js:336:24)
    at async invokeRender (/Users/admin/Desktop/dev/nextjs-crypto-dashboard/node_modules/next/dist/server/lib/router-server.js:179:21)
    at async handleRequest (/Users/admin/Desktop/dev/nextjs-crypto-dashboard/node_modules/next/dist/server/lib/router-server.js:359:24)
    at async requestHandlerImpl (/Users/admin/Desktop/dev/nextjs-crypto-dashboard/node_modules/next/dist/server/lib/router-server.js:383:13)
    at async Server.requestListener (/Users/admin/Desktop/dev/nextjs-crypto-dashboard/node_modules/next/dist/server/lib/start-server.js:141:13)
 GET /api/coingecko?symbol=VTHO 500 in 54ms
 GET /api/coingecko?symbol=ZIL 404 in 4ms
 GET /api/coingecko?symbol=BEAM 404 in 3ms
 GET /api/coingecko?symbol=STEEM 404 in 5ms
 GET /api/coingecko?symbol=ATH 404 in 3ms
 GET /api/coingecko?symbol=TOSHI 404 in 4ms
 GET /api/coingecko?symbol=ZK 404 in 2ms
 GET /api/coingecko?symbol=PENGU 404 in 2ms
 GET /api/coingecko?symbol=AWE 404 in 3ms
 GET /api/coingecko?symbol=POKT 404 in 18ms
 GET /api/coingecko?symbol=SENT 404 in 18ms
 GET /api/coingecko?symbol=NOM 404 in 7ms
Fetching CoinGecko data for DOGE (dogecoin)...
CoinGecko API Error: Error: CoinGecko API error: 429
    at handler (webpack-internal:///(api)/./pages/api/coingecko.js:63:19)
    at process.processTicksAndRejections (node:internal/process/task_queues:105:5)
    at async K (/Users/admin/Desktop/dev/nextjs-crypto-dashboard/node_modules/next/dist/compiled/next-server/pages-api.runtime.dev.js:21:2871)
    at async U.render (/Users/admin/Desktop/dev/nextjs-crypto-dashboard/node_modules/next/dist/compiled/next-server/pages-api.runtime.dev.js:21:3955)
    at async DevServer.runApi (/Users/admin/Desktop/dev/nextjs-crypto-dashboard/node_modules/next/dist/server/next-server.js:603:9)
    at async NextNodeServer.handleCatchallRenderRequest (/Users/admin/Desktop/dev/nextjs-crypto-dashboard/node_modules/next/dist/server/next-server.js:269:37)
    at async DevServer.handleRequestImpl (/Users/admin/Desktop/dev/nextjs-crypto-dashboard/node_modules/next/dist/server/base-server.js:818:17)
    at async /Users/admin/Desktop/dev/nextjs-crypto-dashboard/node_modules/next/dist/server/dev/next-dev-server.js:339:20
    at async Span.traceAsyncFn (/Users/admin/Desktop/dev/nextjs-crypto-dashboard/node_modules/next/dist/trace/trace.js:154:20)
    at async DevServer.handleRequest (/Users/admin/Desktop/dev/nextjs-crypto-dashboard/node_modules/next/dist/server/dev/next-dev-server.js:336:24)
    at async invokeRender (/Users/admin/Desktop/dev/nextjs-crypto-dashboard/node_modules/next/dist/server/lib/router-server.js:179:21)
    at async handleRequest (/Users/admin/Desktop/dev/nextjs-crypto-dashboard/node_modules/next/dist/server/lib/router-server.js:359:24)
    at async requestHandlerImpl (/Users/admin/Desktop/dev/nextjs-crypto-dashboard/node_modules/next/dist/server/lib/router-server.js:383:13)
    at async Server.requestListener (/Users/admin/Desktop/dev/nextjs-crypto-dashboard/node_modules/next/dist/server/lib/start-server.js:141:13)
 GET /api/coingecko?symbol=DOGE 500 in 40ms
Fetching CoinGecko data for ORBS (orbs)...
 GET /api/coingecko?symbol=BLAST 404 in 6ms
CoinGecko API Error: Error: CoinGecko API error: 429
    at handler (webpack-internal:///(api)/./pages/api/coingecko.js:63:19)
    at process.processTicksAndRejections (node:internal/process/task_queues:105:5)
    at async K (/Users/admin/Desktop/dev/nextjs-crypto-dashboard/node_modules/next/dist/compiled/next-server/pages-api.runtime.dev.js:21:2871)
    at async U.render (/Users/admin/Desktop/dev/nextjs-crypto-dashboard/node_modules/next/dist/compiled/next-server/pages-api.runtime.dev.js:21:3955)
    at async DevServer.runApi (/Users/admin/Desktop/dev/nextjs-crypto-dashboard/node_modules/next/dist/server/next-server.js:603:9)
    at async NextNodeServer.handleCatchallRenderRequest (/Users/admin/Desktop/dev/nextjs-crypto-dashboard/node_modules/next/dist/server/next-server.js:269:37)
    at async DevServer.handleRequestImpl (/Users/admin/Desktop/dev/nextjs-crypto-dashboard/node_modules/next/dist/server/base-server.js:818:17)
    at async /Users/admin/Desktop/dev/nextjs-crypto-dashboard/node_modules/next/dist/server/dev/next-dev-server.js:339:20
    at async Span.traceAsyncFn (/Users/admin/Desktop/dev/nextjs-crypto-dashboard/node_modules/next/dist/trace/trace.js:154:20)
    at async DevServer.handleRequest (/Users/admin/Desktop/dev/nextjs-crypto-dashboard/node_modules/next/dist/server/dev/next-dev-server.js:336:24)
    at async invokeRender (/Users/admin/Desktop/dev/nextjs-crypto-dashboard/node_modules/next/dist/server/lib/router-server.js:179:21)
    at async handleRequest (/Users/admin/Desktop/dev/nextjs-crypto-dashboard/node_modules/next/dist/server/lib/router-server.js:359:24)
    at async requestHandlerImpl (/Users/admin/Desktop/dev/nextjs-crypto-dashboard/node_modules/next/dist/server/lib/router-server.js:383:13)
    at async Server.requestListener (/Users/admin/Desktop/dev/nextjs-crypto-dashboard/node_modules/next/dist/server/lib/start-server.js:141:13)
 GET /api/coingecko?symbol=ORBS 500 in 41ms
 GET /api/coingecko?symbol=AZTEC 404 in 2ms
Fetching CoinGecko data for AGLD (adventure-gold)...
CoinGecko API Error: Error: CoinGecko API error: 429
    at handler (webpack-internal:///(api)/./pages/api/coingecko.js:63:19)
    at process.processTicksAndRejections (node:internal/process/task_queues:105:5)
    at async K (/Users/admin/Desktop/dev/nextjs-crypto-dashboard/node_modules/next/dist/compiled/next-server/pages-api.runtime.dev.js:21:2871)
    at async U.render (/Users/admin/Desktop/dev/nextjs-crypto-dashboard/node_modules/next/dist/compiled/next-server/pages-api.runtime.dev.js:21:3955)
    at async DevServer.runApi (/Users/admin/Desktop/dev/nextjs-crypto-dashboard/node_modules/next/dist/server/next-server.js:603:9)
    at async NextNodeServer.handleCatchallRenderRequest (/Users/admin/Desktop/dev/nextjs-crypto-dashboard/node_modules/next/dist/server/next-server.js:269:37)
    at async DevServer.handleRequestImpl (/Users/admin/Desktop/dev/nextjs-crypto-dashboard/node_modules/next/dist/server/base-server.js:818:17)
    at async /Users/admin/Desktop/dev/nextjs-crypto-dashboard/node_modules/next/dist/server/dev/next-dev-server.js:339:20
    at async Span.traceAsyncFn (/Users/admin/Desktop/dev/nextjs-crypto-dashboard/node_modules/next/dist/trace/trace.js:154:20)
    at async DevServer.handleRequest (/Users/admin/Desktop/dev/nextjs-crypto-dashboard/node_modules/next/dist/server/dev/next-dev-server.js:336:24)
    at async invokeRender (/Users/admin/Desktop/dev/nextjs-crypto-dashboard/node_modules/next/dist/server/lib/router-server.js:179:21)
    at async handleRequest (/Users/admin/Desktop/dev/nextjs-crypto-dashboard/node_modules/next/dist/server/lib/router-server.js:359:24)
    at async requestHandlerImpl (/Users/admin/Desktop/dev/nextjs-crypto-dashboard/node_modules/next/dist/server/lib/router-server.js:383:13)
    at async Server.requestListener (/Users/admin/Desktop/dev/nextjs-crypto-dashboard/node_modules/next/dist/server/lib/start-server.js:141:13)
 GET /api/coingecko?symbol=AGLD 500 in 41ms
 GET /api/coingecko?symbol=PUMP 404 in 2ms
 GET /api/coingecko?symbol=MEW 404 in 9ms
Fetching CoinGecko data for SXP (swipe)...
CoinGecko API Error: Error: CoinGecko API error: 429
    at handler (webpack-internal:///(api)/./pages/api/coingecko.js:63:19)
    at process.processTicksAndRejections (node:internal/process/task_queues:105:5)
    at async K (/Users/admin/Desktop/dev/nextjs-crypto-dashboard/node_modules/next/dist/compiled/next-server/pages-api.runtime.dev.js:21:2871)
    at async U.render (/Users/admin/Desktop/dev/nextjs-crypto-dashboard/node_modules/next/dist/compiled/next-server/pages-api.runtime.dev.js:21:3955)
    at async DevServer.runApi (/Users/admin/Desktop/dev/nextjs-crypto-dashboard/node_modules/next/dist/server/next-server.js:603:9)
    at async NextNodeServer.handleCatchallRenderRequest (/Users/admin/Desktop/dev/nextjs-crypto-dashboard/node_modules/next/dist/server/next-server.js:269:37)
    at async DevServer.handleRequestImpl (/Users/admin/Desktop/dev/nextjs-crypto-dashboard/node_modules/next/dist/server/base-server.js:818:17)
    at async /Users/admin/Desktop/dev/nextjs-crypto-dashboard/node_modules/next/dist/server/dev/next-dev-server.js:339:20
    at async Span.traceAsyncFn (/Users/admin/Desktop/dev/nextjs-crypto-dashboard/node_modules/next/dist/trace/trace.js:154:20)
    at async DevServer.handleRequest (/Users/admin/Desktop/dev/nextjs-crypto-dashboard/node_modules/next/dist/server/dev/next-dev-server.js:336:24)
    at async invokeRender (/Users/admin/Desktop/dev/nextjs-crypto-dashboard/node_modules/next/dist/server/lib/router-server.js:179:21)
    at async handleRequest (/Users/admin/Desktop/dev/nextjs-crypto-dashboard/node_modules/next/dist/server/lib/router-server.js:359:24)
    at async requestHandlerImpl (/Users/admin/Desktop/dev/nextjs-crypto-dashboard/node_modules/next/dist/server/lib/router-server.js:383:13)
    at async Server.requestListener (/Users/admin/Desktop/dev/nextjs-crypto-dashboard/node_modules/next/dist/server/lib/start-server.js:141:13)
 GET /api/coingecko?symbol=SXP 500 in 44ms
📊 Dashboard API: Starting...
✅ Markets fetched: 695 total
✅ KRW markets: 239
📦 Fetching 3 batches of tickers...
 GET /api/coingecko?symbol=BIO 404 in 2ms
✅ Tickers fetched: 239
✅ Formatted: 239 coins
📊 CoinGecko 데이터를 백그라운드에서 수집 중...
✅ Dashboard data ready
 GET /api/dashboard 200 in 551ms
 GET /api/coingecko?symbol=BTT 404 in 11ms
